<?xml version="1.0" encoding="UTF-8"?>
<!-- Generated by org.testng.reporters.JUnitReportReporter -->
<testsuite hostname="DAYA" failures="0" tests="3" name="testngtesting.TestCases" time="13.500" errors="0" timestamp="2023-03-22T17:18:20 IST" skipped="0">
  <testcase classname="testngtesting.TestCases" name="searchoperation" time="2.158"/>
  <system-out/>
  <testcase classname="testngtesting.TestCases" name="clickfacebook" time="6.903"/>
  <system-out/>
  <testcase classname="testngtesting.TestCases" name="clickfacebooklogin" time="4.439"/>
  <system-out/>
</testsuite> <!-- testngtesting.TestCases -->
