<?xml version="1.0" encoding="UTF-8"?>
<!-- Generated by org.testng.reporters.JUnitReportReporter -->
<testsuite hostname="DAYA" failures="0" tests="1" name="testngtesting.Browser" time="23.083" errors="0" timestamp="2023-03-12T11:05:38 IST" skipped="0">
  <testcase classname="testngtesting.Browser" name="inputbox" time="23.083"/>
  <system-out/>
</testsuite> <!-- testngtesting.Browser -->
