<?xml version="1.0" encoding="UTF-8"?>
<!-- Generated by org.testng.reporters.JUnitReportReporter -->
<testsuite hostname="DAYA" failures="0" tests="1" name="Automation.FirstProgram" time="0.017" errors="0" timestamp="2023-01-14T10:40:02 IST" skipped="0">
  <testcase classname="Automation.FirstProgram" name="print" time="0.017"/>
  <system-out/>
</testsuite> <!-- Automation.FirstProgram -->
