<?xml version="1.0" encoding="UTF-8"?>
<!-- Generated by org.testng.reporters.JUnitReportReporter -->
<testsuite hostname="DAYA" failures="0" tests="1" name="testngtesting.OpenBrowser" time="12.722" errors="0" timestamp="2023-03-12T10:10:25 IST" skipped="0">
  <testcase classname="testngtesting.OpenBrowser" name="inputbox" time="12.722"/>
  <system-out/>
</testsuite> <!-- testngtesting.OpenBrowser -->
